<?xml version="1.0" encoding="UTF-8"?>
<testsuites name="SingleUserSuit" time="2.118" tests="1" failures="0" errors="0">
   <testsuite name="SingleUserSuit" tests="1" failures="0" errors="0" time="2.118" skipped="0" timestamp="16-04-2024T11:25:28" hostname="jayasri.shanmugam - ZSCHN01LP0391.zucisystems.com" id="Test Suites/ReqResSuite/SingleUserSuit">
      <properties>
         <property name="deviceName" value=""/>
         <property name="devicePlatform" value=""/>
         <property name="logFolder" value="C:\\Users\\jayasri.shanmugam\\Katalon Studio\\API Automation\\Reports\\20240416_112521\\ReqResSuite\\SingleUserSuit\\20240416_112522"/>
         <property name="logFiles" value="C:\\Users\\jayasri.shanmugam\\Katalon Studio\\API Automation\\Reports\\20240416_112521\\ReqResSuite\\SingleUserSuit\\20240416_112522\\execution0.log"/>
         <property name="attachments" value=""/>
         <property name="hostName" value="jayasri.shanmugam - ZSCHN01LP0391.zucisystems.com"/>
         <property name="hostAddress" value="192.168.15.146"/>
         <property name="os" value="Windows 11 64bit"/>
         <property name="katalonVersion" value="9.4.0.212"/>
      </properties>
      <testcase name="Test Cases/ReqResTests/SingleUserTest" time="1.816" classname="Test Cases/ReqResTests/SingleUserTest" status="PASSED">
         <system-out><![CDATA[16-04-2024T11:25:28 - [TEST_CASE][PASSED] - Test Cases/ReqResTests/SingleUserTest: Test Cases/ReqResTests/SingleUserTest

16-04-2024T11:25:28 - [TEST_STEP][PASSED] - SingleUserResponse = sendRequest(findTestObject("RestReqServices/SingleUser")): Send request successfully

16-04-2024T11:25:30 - [MESSAGE][INFO] - HAR: C:\Users\jayasri.shanmugam\Katalon Studio\API Automation\Reports\20240416_112521\ReqResSuite\SingleUserSuit\20240416_112522\requests\main\0.har

16-04-2024T11:25:30 - [MESSAGE][PASSED] - Send request successfully

16-04-2024T11:25:30 - [TEST_STEP][PASSED] - verifyResponseStatusCode(SingleUserResponse, 200): Verify response status code successfully

16-04-2024T11:25:30 - [MESSAGE][PASSED] - Verify response status code successfully]]></system-out>
         <system-err><![CDATA[]]></system-err>
      </testcase>
      <system-out><![CDATA[16-04-2024T11:25:28 - [TEST_SUITE][PASSED] - SingleUserSuit: Test Cases/ReqResTests/SingleUserTest]]></system-out>
      <system-err><![CDATA[]]></system-err>
   </testsuite>
</testsuites>
